<html>
<body>
<pre>
<h1>µVision Build Log</h1>
<h2>Tool Versions:</h2>
IDE-Version: µVision V5.11.2.0
Copyright (C) 2014 ARM Ltd and ARM Germany GmbH. All rights reserved.
License Information: Sahas Gembali, MIT, LIC=----
 
Tool Versions:
Toolchain:       PK51 Prof. Develpers Kit  Version: 9.53.0.0
Toolchain Path:  D:\Software\KeiluV5\C51\BIN
C Compiler:      C51.exe V9.53.0.0
Assembler:       A51.exe V8.02b
Linker/Locator:  BL51.exe V6.22
Library Manager: LIB51.exe V4.30.0.2
Hex Converter:   OH51.exe V2.7.0.0
CPU DLL:         S8051.DLL V3.95.0.0
Dialog DLL:      DP51.DLL V2.62.0.1 
<h2>Project:</h2>
C:\Users\Sahas Gembali\Documents\GitHub\MCP\uVision FIles\MCP.uvproj
Project File Date:  10/05/2016

<h2>Output:</h2>
Build target 'Target 1'
compiling MCP.c...
linking...
*** WARNING L16: UNCALLED SEGMENT, IGNORED FOR OVERLAY PROCESS
    SEGMENT: ?PR?CLEARDISPLAY?MCP
*** WARNING L16: UNCALLED SEGMENT, IGNORED FOR OVERLAY PROCESS
    SEGMENT: ?PR?CLEARDATA?MCP
Program Size: data=38.2 xdata=0 code=810
creating hex file from "MCP"...
"MCP" - 0 Error(s), 2 Warning(s).
</pre>
</body>
</html>
e=801
creating hex file from "MCP"...
"MCP" - 0 Error(s), 3 Warning(s).
m Size: data=38.2 xdata=0 code=827
creating hex file from "MCP"...
"MCP" - 0 Error(s), 4 Warning(s).

): error C171: 'break': missing enclosing loop
UpdateCoordinate.h(36): error C141: syntax error near ':'
UpdateCoordinate.h(37): error C171: 'break': missing enclosing loop
UpdateCoordinate.h(38): error C141: syntax error near ':'
UpdateCoordinate.h(39): error C171: 'break': missing enclosing loop
UpdateCoordinate.h(40): error C141: syntax error near ':'
UpdateCoordinate.h(41): error C171: 'break': missing enclosing loop
UpdateCoordinate.h(42): error C141: syntax error near ':'
UpdateCoordinate.h(43): error C171: 'break': missing enclosing loop
UpdateCoordinate.h(98): error C141: syntax error near 'else'
UpdateCoordinate.h(126): error C141: syntax error near 'void'
Target not created.
r C171: 'break': missing enclosing loop
UpdateCoordinate.h(52): error C141: syntax error near ':'
UpdateCoordinate.h(53): error C171: 'break': missing enclosing loop
UpdateCoordinate.h(54): error C141: syntax error near ':'
UpdateCoordinate.h(55): error C171: 'break': missing enclosing loop
UpdateCoordinate.h(56): error C141: syntax error near ':'
UpdateCoordinate.h(57): error C171: 'break': missing enclosing loop
UpdateCoordinate.h(58): error C141: syntax error near ':'
UpdateCoordinate.h(59): error C171: 'break': missing enclosing loop
UpdateCoordinate.h(60): error C141: syntax error near ':'
UpdateCoordinate.h(61): error C171: 'break': missing enclosing loop
UpdateCoordinate.h(62): error C141: syntax error near ':'
UpdateCoordinate.h(63): error C171: 'break': missing enclosing loop
UpdateCoordinate.h(64): error C141: syntax error near ':'
UpdateCoordinate.h(65): error C171: 'break': missing enclosing loop
UpdateCoordinate.h(79): error C141: syntax error near '{'
UpdateCoordinate.h(80): error C141: syntax error near ':'
UpdateCoordinate.h(82): error C141: syntax error near ':'
UpdateCoordinate.h(84): error C141: syntax error near ':'
UpdateCoordinate.h(86): error C141: syntax error near ':'
UpdateCoordinate.h(88): error C141: syntax error near ':'
UpdateCoordinate.h(90): error C141: syntax error near ':'
UpdateCoordinate.h(92): error C141: syntax error near ':'
UpdateCoordinate.h(94): error C141: syntax error near ':'
UpdateCoordinate.h(98): error C141: syntax error near 'else'
UpdateCoordinate.h(103): error C141: syntax error near '{'
UpdateCoordinate.h(104): error C141: syntax error near ':'
UpdateCoordinate.h(106): error C141: syntax error near ':'
UpdateCoordinate.h(108): error C141: syntax error near ':'
UpdateCoordinate.h(110): error C141: syntax error near ':'
UpdateCoordinate.h(112): error C141: syntax error near ':'
UpdateCoordinate.h(114): error C141: syntax error near ':'
UpdateCoordinate.h(116): error C141: syntax error near ':'
UpdateCoordinate.h(118): error C141: syntax error near ':'
UpdateCoordinate.h(126): error C141: syntax error near 'void'
Target not created.
